<?xml version="1.0" encoding="UTF-8"?>
<testsuite name="com.bridgelabz.HotelReservationTest" tests="2" skipped="0" failures="0" errors="0" timestamp="2021-06-20T16:19:17" hostname="DESKTOP-T1B6V6K" time="0.052">
  <properties/>
  <testcase name="givenHotelWhenAddedShouldReturnTrue" classname="com.bridgelabz.HotelReservationTest" time="0.006"/>
  <testcase name="givenBookingDate_ShouldReturn_CheapestHotel" classname="com.bridgelabz.HotelReservationTest" time="0.045"/>
  <system-out><![CDATA[]]></system-out>
  <system-err><![CDATA[]]></system-err>
</testsuite>
